2025-11-29 18:44:34,646 INFO: Training script started...
2025-11-29 18:44:34,709 INFO: Loaded processed dataset from data/diabetes_processed.csv
2025-11-29 18:44:34,939 INFO: Completed train-test split.
2025-11-29 18:44:35,439 INFO: Model training completed.
2025-11-29 18:44:35,442 INFO: Model saved to model/diabetes_model.pkl
2025-11-29 18:44:44,145 INFO: Training script finished and logged to MLflow.
2025-11-29 19:25:36,530 INFO: Training script started...
2025-11-29 19:25:36,546 INFO: Loaded processed dataset from data/diabetes_processed.csv
2025-11-29 19:25:36,546 INFO: Completed train-test split.
2025-11-29 19:25:36,562 INFO: Model training completed.
2025-11-29 19:25:36,562 INFO: Model saved to model/diabetes_model.pkl
2025-11-29 19:25:37,267 INFO: Training script finished and logged to MLflow.
2025-11-29 19:26:29,202 INFO: Training script started...
2025-11-29 19:26:29,218 INFO: Loaded processed dataset from data/diabetes_processed.csv
2025-11-29 19:26:29,218 INFO: Completed train-test split.
2025-11-29 19:26:29,235 INFO: Model training completed.
2025-11-29 19:26:29,235 INFO: Model saved to model/diabetes_model.pkl
2025-11-29 19:26:29,782 INFO: Training script finished and logged to MLflow.
2025-11-29 19:29:46,449 INFO: Training script started...
2025-11-29 19:29:46,464 INFO: Loaded processed dataset from data/diabetes_processed.csv
2025-11-29 19:29:46,464 INFO: Completed train-test split.
2025-11-29 19:29:46,481 INFO: Model training completed.
2025-11-29 19:29:46,481 INFO: Model saved to models/diabetes_model.pkl
2025-11-29 19:29:47,135 INFO: Training script finished and logged to MLflow.
2025-11-29 19:37:35,275 INFO: Training script started...
2025-11-29 19:37:35,277 INFO: Loaded processed dataset from data/diabetes_processed.csv
2025-11-29 19:37:35,279 INFO: Completed train-test split.
2025-11-29 19:37:35,304 INFO: Model training completed.
2025-11-29 19:37:35,304 INFO: Model saved to models/diabetes_model.pkl
2025-11-29 19:37:35,841 INFO: Training script finished and logged to MLflow.
2025-11-29 19:38:14,057 INFO: Training script started...
2025-11-29 19:38:14,057 INFO: Loaded processed dataset from data/diabetes_processed.csv
2025-11-29 19:38:14,057 INFO: Completed train-test split.
2025-11-29 19:38:14,088 INFO: Model training completed.
2025-11-29 19:38:14,088 INFO: Model saved to models/diabetes_model.pkl
2025-11-29 19:38:14,651 INFO: Training script finished and logged to MLflow.
2025-11-29 19:40:46,026 INFO: Training script started...
2025-11-29 19:40:46,028 INFO: Loaded processed dataset from data/diabetes_processed.csv
2025-11-29 19:40:46,028 INFO: Completed train-test split.
2025-11-29 19:40:46,063 INFO: Model training completed.
2025-11-29 19:40:46,063 INFO: Model saved to models/model.pkl
2025-11-29 19:40:46,679 INFO: Training script finished and logged to MLflow.
2025-11-29 19:43:20,367 INFO: Training script started...
2025-11-29 19:43:20,371 INFO: Loaded processed dataset from data/diabetes_processed.csv
2025-11-29 19:43:20,373 INFO: Completed train-test split.
2025-11-29 19:43:20,393 INFO: Model training completed.
2025-11-29 19:43:20,393 INFO: Model saved to models/model.pkl
2025-11-29 19:43:21,021 INFO: Training script finished and logged to MLflow.
